Number of batches in train loader: 3054
Number of batches in dev loader: 764
Using device: cuda
no. model params:482426
Backbone architecture:  AASIST
use_pretrained_backbone: False
freeze_backbone: False
Experiment name:  ST_RB_AASIST_MTL_trainingScratch

====> training epoch 001 / 005
Training loss: {'T1_AS1': 0.6723193266205173, 'T2_AS2': 1.0955625096995922, 'T3_AS3': 1.1626583440442764, 'T4_AS4': 1.457878051451319, 'T5_AS5': 1.1304254426469034, 'T6_AS6': 1.5904333367797387, 'T7_AS7': 1.7445135274859294, 'AttackAttr_loss': 8.853790548476972} - Training accuracy: {'T1_AS1': 0.7486902423051736, 'T2_AS2': 0.6209684020956123, 'T3_AS3': 0.5769073346430911, 'T4_AS4': 0.48235920104780616, 'T5_AS5': 0.5424034053700065, 'T6_AS6': 0.43762278978388996, 'T7_AS7': 0.40352815979043877, 'AttackAttr_acc': 0.544639933576574}
Dev loss: {'T1_AS1': 0.45313024415517206, 'T2_AS2': 0.7641822829379192, 'T3_AS3': 0.8649404105890403, 'T4_AS4': 0.9414025925575419, 'T5_AS5': 0.8667268563799694, 'T6_AS6': 1.058199720179781, 'T7_AS7': 1.250850681548423, 'AttackAttr_loss': 6.199432783860427} - Dev accuracy: {'T1_AS1': 0.8642389525368249, 'T2_AS2': 0.7409165302782325, 'T3_AS3': 0.7076104746317512, 'T4_AS4': 0.7052373158756138, 'T5_AS5': 0.6366612111292962, 'T6_AS6': 0.6639934533551555, 'T7_AS7': 0.6166121112929623, 'AttackAttr_acc': 0.7050385784428338}

====> training epoch 002 / 005
Training loss: {'T1_AS1': 0.4474710827911689, 'T2_AS2': 0.7141909393498378, 'T3_AS3': 0.806399232219385, 'T4_AS4': 0.945009409561607, 'T5_AS5': 0.8472330692591976, 'T6_AS6': 1.0591438461848934, 'T7_AS7': 1.1541571798438564, 'AttackAttr_loss': 5.973604759517338} - Training accuracy: {'T1_AS1': 0.8712958415193189, 'T2_AS2': 0.798031270464964, 'T3_AS3': 0.743921905697446, 'T4_AS4': 0.720816961362148, 'T5_AS5': 0.6922478716437459, 'T6_AS6': 0.6832023575638507, 'T7_AS7': 0.6407989521938441, 'AttackAttr_acc': 0.7357593086350454}
Dev loss: {'T1_AS1': 0.3206385498546344, 'T2_AS2': 0.5522237667670616, 'T3_AS3': 0.5835564630901755, 'T4_AS4': 0.6866677006020678, 'T5_AS5': 0.6745057574270595, 'T6_AS6': 0.8474670576385898, 'T7_AS7': 0.8591696666617635, 'AttackAttr_loss': 4.524228966333667} - Dev accuracy: {'T1_AS1': 0.945253682487725, 'T2_AS2': 0.8710310965630115, 'T3_AS3': 0.8416530278232406, 'T4_AS4': 0.8335515548281506, 'T5_AS5': 0.7575286415711948, 'T6_AS6': 0.7904255319148936, 'T7_AS7': 0.7852700490998363, 'AttackAttr_acc': 0.8321019406125789}

====> training epoch 003 / 005
Training loss: {'T1_AS1': 0.3614450933042116, 'T2_AS2': 0.5769772170490897, 'T3_AS3': 0.6580793142377276, 'T4_AS4': 0.7502170171547186, 'T5_AS5': 0.6753911991074886, 'T6_AS6': 0.854007178211259, 'T7_AS7': 0.9082579178675844, 'AttackAttr_loss': 4.784374942792032} - Training accuracy: {'T1_AS1': 0.9192452521283563, 'T2_AS2': 0.866793549443353, 'T3_AS3': 0.8237148002619515, 'T4_AS4': 0.8147511460379829, 'T5_AS5': 0.7991773084479371, 'T6_AS6': 0.777238867059594, 'T7_AS7': 0.7540929927963327, 'AttackAttr_acc': 0.8221448451679296}
Dev loss: {'T1_AS1': 0.24994602966230553, 'T2_AS2': 0.494046982259485, 'T3_AS3': 0.5317877954429964, 'T4_AS4': 0.576685753079366, 'T5_AS5': 0.5364407403964653, 'T6_AS6': 0.6222952205108543, 'T7_AS7': 0.658749814470544, 'AttackAttr_loss': 3.669952333578306} - Dev accuracy: {'T1_AS1': 0.9785597381342063, 'T2_AS2': 0.9018821603927987, 'T3_AS3': 0.8773322422258593, 'T4_AS4': 0.8910801963993453, 'T5_AS5': 0.8627659574468085, 'T6_AS6': 0.8805237315875614, 'T7_AS7': 0.872176759410802, 'AttackAttr_acc': 0.8949029693710545}

====> training epoch 004 / 005
Training loss: {'T1_AS1': 0.3197566842576141, 'T2_AS2': 0.5124239358799709, 'T3_AS3': 0.5798073467782063, 'T4_AS4': 0.6497600008614639, 'T5_AS5': 0.5796430584801985, 'T6_AS6': 0.7417154595226576, 'T7_AS7': 0.7820389031114809, 'AttackAttr_loss': 4.16514539055053} - Training accuracy: {'T1_AS1': 0.9390553372626064, 'T2_AS2': 0.8950965946299935, 'T3_AS3': 0.8598559266535691, 'T4_AS4': 0.8590577930582842, 'T5_AS5': 0.8497257694826457, 'T6_AS6': 0.8289947609692206, 'T7_AS7': 0.8156925343811395, 'AttackAttr_acc': 0.863925530919637}
Dev loss: {'T1_AS1': 0.2157450552267646, 'T2_AS2': 0.3921391931181063, 'T3_AS3': 0.43073676814814443, 'T4_AS4': 0.48002056068757554, 'T5_AS5': 0.4514363743864768, 'T6_AS6': 0.5220932114534019, 'T7_AS7': 0.5557480792562232, 'AttackAttr_loss': 3.047919248090828} - Dev accuracy: {'T1_AS1': 0.9932078559738134, 'T2_AS2': 0.9448445171849427, 'T3_AS3': 0.9285597381342062, 'T4_AS4': 0.9309328968903438, 'T5_AS5': 0.9124386252045826, 'T6_AS6': 0.9249590834697218, 'T7_AS7': 0.9177577741407529, 'AttackAttr_acc': 0.9361000701426233}

====> training epoch 005 / 005
Training loss: {'T1_AS1': 0.29774702602866904, 'T2_AS2': 0.476996030529184, 'T3_AS3': 0.527678455354813, 'T4_AS4': 0.5954873886718107, 'T5_AS5': 0.5212481585724649, 'T6_AS6': 0.6698158829428436, 'T7_AS7': 0.7028432138405677, 'AttackAttr_loss': 3.7918161607366336} - Training accuracy: {'T1_AS1': 0.950577111984283, 'T2_AS2': 0.9123485592665357, 'T3_AS3': 0.8871971185330714, 'T4_AS4': 0.8857236411263916, 'T5_AS5': 0.8790315979043877, 'T6_AS6': 0.8617387033398821, 'T7_AS7': 0.8515266863130321, 'AttackAttr_acc': 0.8897347740667977}
Dev loss: {'T1_AS1': 0.25206760948496443, 'T2_AS2': 0.44494050606573077, 'T3_AS3': 0.44729443665612156, 'T4_AS4': 0.4860108787221331, 'T5_AS5': 0.4663232024874898, 'T6_AS6': 0.49152463980860484, 'T7_AS7': 0.5268299633079192, 'AttackAttr_loss': 3.114991237371916} - Dev accuracy: {'T1_AS1': 0.980114566284779, 'T2_AS2': 0.9282324058919803, 'T3_AS3': 0.9260229132569558, 'T4_AS4': 0.9322422258592471, 'T5_AS5': 0.9099018003273323, 'T6_AS6': 0.9401800327332243, 'T7_AS7': 0.9323240589198036, 'AttackAttr_acc': 0.9355740004676175}
Training completed.
