Number of batches in train loader: 3054
Number of batches in dev loader: 764
Using device: cuda
Traceback (most recent call last):
  File "/scratch/project_2006687/hoangph/_thesis/ppm_v4/source_tracing/train.py", line 469, in <module>
    main(parser.parse_args())
  File "/scratch/project_2006687/hoangph/_thesis/ppm_v4/source_tracing/train.py", line 98, in main
    model = CMMTLKAN(
            ^^^^^^^^^
  File "/scratch/project_2006687/hoangph/_thesis/ppm_v4/source_tracing/model.py", line 86, in __init__
    self.backbone_module = self.get_backbone_module(backbone_config=backbone_config, 
                           ^^^^^^^^^^^^^^^^^^^^^^^^^^^^^^^^^^^^^^^^^^^^^^^^^^^^^^^^^
  File "/scratch/project_2006687/hoangph/_thesis/ppm_v4/source_tracing/model.py", line 111, in get_backbone_module
    module = import_module("backbones.{}".format(backbone_config["architecture"]))
             ^^^^^^^^^^^^^^^^^^^^^^^^^^^^^^^^^^^^^^^^^^^^^^^^^^^^^^^^^^^^^^^^^^^^^
  File "/usr/lib64/python3.12/importlib/__init__.py", line 90, in import_module
    return _bootstrap._gcd_import(name[level:], package, level)
           ^^^^^^^^^^^^^^^^^^^^^^^^^^^^^^^^^^^^^^^^^^^^^^^^^^^^
  File "<frozen importlib._bootstrap>", line 1387, in _gcd_import
  File "<frozen importlib._bootstrap>", line 1360, in _find_and_load
  File "<frozen importlib._bootstrap>", line 1331, in _find_and_load_unlocked
  File "<frozen importlib._bootstrap>", line 935, in _load_unlocked
  File "<frozen importlib._bootstrap_external>", line 999, in exec_module
  File "<frozen importlib._bootstrap>", line 488, in _call_with_frames_removed
  File "/scratch/project_2006687/hoangph/_thesis/ppm_v4/source_tracing/backbones/SSLAASIST.py", line 10, in <module>
    from fairseq import fairseq
ModuleNotFoundError: No module named 'fairseq'
