Number of batches in train loader: 3054
Number of batches in dev loader: 764
Using device: cuda
Adding modular structure for KAN
no. model params:492444
Backbone architecture:  AASIST
use_pretrained_backbone: False
freeze_backbone: False
Experiment name:  test

====> training epoch 001 / 005
Training loss: {'T1_AS1': 0.6772049301655837, 'T2_AS2': 1.101377634476741, 'T3_AS3': 1.1742700417211966, 'T4_AS4': 1.4659271870240247, 'T5_AS5': 1.1350034803015465, 'T6_AS6': 1.6101545086465947, 'T7_AS7': 1.752422387274403, 'AttackAttr_loss': 8.916360167482747, 'AttackCls_loss': 2.3099339238240506, 'running_loss': 11.226294096888633} - Training accuracy: {'T1_AS1': 0.7454772429600524, 'T2_AS2': 0.6198428290766208, 'T3_AS3': 0.5720776031434185, 'T4_AS4': 0.4824205959397512, 'T5_AS5': 0.5453912901113294, 'T6_AS6': 0.4275130975769483, 'T7_AS7': 0.39736820563195807, 'AttackAttr_acc': 0.5414415520628684, 'AttackCls_acc': 0.26770219384413885, 'total_acc': 0.4045718729535036}
Dev loss: {'T1_AS1': 0.41988751878519887, 'T2_AS2': 0.904707572776245, 'T3_AS3': 0.9778563980189946, 'T4_AS4': 1.0555214174835654, 'T5_AS5': 0.9198690815565044, 'T6_AS6': 1.2306787166970061, 'T7_AS7': 1.3834907409212203, 'AttackAttr_loss': 6.892011417694841, 'AttackCls_loss': 1.5050040191987533, 'running_loss': 8.396870382169155} - Dev accuracy: {'T1_AS1': 0.8949263502454992, 'T2_AS2': 0.6855155482815057, 'T3_AS3': 0.6490180032733224, 'T4_AS4': 0.6664484451718494, 'T5_AS5': 0.630114566284779, 'T6_AS6': 0.5609656301145662, 'T7_AS7': 0.5462356792144026, 'AttackAttr_acc': 0.6618891746551321, 'AttackCls_acc': 0.5055646481178396, 'total_acc': 0.5837269113864858}

====> training epoch 002 / 005
Training loss: {'T1_AS1': 0.4419961125683222, 'T2_AS2': 0.7008424884521969, 'T3_AS3': 0.7936893305457645, 'T4_AS4': 0.916597470123938, 'T5_AS5': 0.8077214585852608, 'T6_AS6': 1.0930963905909987, 'T7_AS7': 1.1616642018822805, 'AttackAttr_loss': 5.915607450518955, 'AttackCls_loss': 1.3117188000179383, 'running_loss': 7.227326250575927} - Training accuracy: {'T1_AS1': 0.875429764243615, 'T2_AS2': 0.806299115913556, 'T3_AS3': 0.7567534381139489, 'T4_AS4': 0.7469711853307138, 'T5_AS5': 0.7265880812049771, 'T6_AS6': 0.6594425343811395, 'T7_AS7': 0.6387729207596594, 'AttackAttr_acc': 0.74432243427823, 'AttackCls_acc': 0.5817984610347086, 'total_acc': 0.6630604476564692}
Dev loss: {'T1_AS1': 0.35400805728915474, 'T2_AS2': 0.4918437285821293, 'T3_AS3': 0.577641668764542, 'T4_AS4': 0.6913736293827063, 'T5_AS5': 0.625546769190537, 'T6_AS6': 0.8539956978221962, 'T7_AS7': 0.9298158181669669, 'AttackAttr_loss': 4.524225371402921, 'AttackCls_loss': 0.7248789269873437, 'running_loss': 5.248900855398927} - Dev accuracy: {'T1_AS1': 0.9454991816693944, 'T2_AS2': 0.8986088379705401, 'T3_AS3': 0.8506546644844517, 'T4_AS4': 0.8378887070376432, 'T5_AS5': 0.8123567921440262, 'T6_AS6': 0.7948445171849428, 'T7_AS7': 0.77430441898527, 'AttackAttr_acc': 0.8448795884966098, 'AttackCls_acc': 0.7170212765957447, 'total_acc': 0.7809504325461772}

====> training epoch 003 / 005
Training loss: {'T1_AS1': 0.37001584776199636, 'T2_AS2': 0.585083948039665, 'T3_AS3': 0.6552329361048413, 'T4_AS4': 0.7424030418616927, 'T5_AS5': 0.6553865970547245, 'T6_AS6': 0.8711295582222329, 'T7_AS7': 0.9062151027783586, 'AttackAttr_loss': 4.785467026431965, 'AttackCls_loss': 0.8503292589286768, 'running_loss': 5.635796285487501} - Training accuracy: {'T1_AS1': 0.914702030124427, 'T2_AS2': 0.8625163719711854, 'T3_AS3': 0.8277054682383759, 'T4_AS4': 0.8232441060903732, 'T5_AS5': 0.8143418467583498, 'T6_AS6': 0.7733709888670596, 'T7_AS7': 0.7629133922724296, 'AttackAttr_acc': 0.8255420291888858, 'AttackCls_acc': 0.7340782580222659, 'total_acc': 0.7798101436055758}
Dev loss: {'T1_AS1': 0.26945022198260316, 'T2_AS2': 0.49908291825296053, 'T3_AS3': 0.5444566530798929, 'T4_AS4': 0.5910804272478419, 'T5_AS5': 0.5395070494684572, 'T6_AS6': 0.6832054910410056, 'T7_AS7': 0.6458609000360517, 'AttackAttr_loss': 3.7726436624355286, 'AttackCls_loss': 0.4077247698939178, 'running_loss': 4.180039608977852} - Dev accuracy: {'T1_AS1': 0.9696399345335516, 'T2_AS2': 0.9052373158756137, 'T3_AS3': 0.8738952536824878, 'T4_AS4': 0.8909983633387889, 'T5_AS5': 0.8609656301145663, 'T6_AS6': 0.8748772504091653, 'T7_AS7': 0.8949263502454992, 'AttackAttr_acc': 0.8957914425999532, 'AttackCls_acc': 0.8530278232405892, 'total_acc': 0.8744096329202713}

====> training epoch 004 / 005
Training loss: {'T1_AS1': 0.3307202166750217, 'T2_AS2': 0.5231695132038526, 'T3_AS3': 0.5859983052080101, 'T4_AS4': 0.6523072466634814, 'T5_AS5': 0.5795672632017086, 'T6_AS6': 0.7637419530825437, 'T7_AS7': 0.7848647970171949, 'AttackAttr_loss': 4.220369297301137, 'AttackCls_loss': 0.6330355994388724, 'running_loss': 4.853404894793197} - Training accuracy: {'T1_AS1': 0.935924197773412, 'T2_AS2': 0.8907375573018992, 'T3_AS3': 0.8584233791748527, 'T4_AS4': 0.8613907989521938, 'T5_AS5': 0.8512811067452521, 'T6_AS6': 0.820583660772757, 'T7_AS7': 0.8182915848068107, 'AttackAttr_acc': 0.8623760407895967, 'AttackCls_acc': 0.7973559266535691, 'total_acc': 0.8298659837215829}
Dev loss: {'T1_AS1': 0.23635311612520982, 'T2_AS2': 0.40530866429380424, 'T3_AS3': 0.4288072305498264, 'T4_AS4': 0.4750608507037748, 'T5_AS5': 0.42615242890172234, 'T6_AS6': 0.6057820153899747, 'T7_AS7': 0.5401267038039412, 'AttackAttr_loss': 3.117591007251396, 'AttackCls_loss': 0.24022784374056783, 'running_loss': 3.3578085721475293} - Dev accuracy: {'T1_AS1': 0.9860065466448446, 'T2_AS2': 0.942962356792144, 'T3_AS3': 0.930278232405892, 'T4_AS4': 0.9340425531914893, 'T5_AS5': 0.9245499181669394, 'T6_AS6': 0.9014729950900163, 'T7_AS7': 0.9319967266775777, 'AttackAttr_acc': 0.9359013327098433, 'AttackCls_acc': 0.9176759410801963, 'total_acc': 0.9267886368950198}

====> training epoch 005 / 005
Training loss: {'T1_AS1': 0.3071782130408927, 'T2_AS2': 0.4874125542247225, 'T3_AS3': 0.5353234008627931, 'T4_AS4': 0.6016340545368257, 'T5_AS5': 0.5271420639444975, 'T6_AS6': 0.6926613953586646, 'T7_AS7': 0.7058232303491666, 'AttackAttr_loss': 3.8571749083263547, 'AttackCls_loss': 0.5103018569595961, 'running_loss': 4.36747676598612} - Training accuracy: {'T1_AS1': 0.9482645710543549, 'T2_AS2': 0.908316961362148, 'T3_AS3': 0.8835543549443353, 'T4_AS4': 0.8827971512770137, 'T5_AS5': 0.8753479043876883, 'T6_AS6': 0.8528569089718402, 'T7_AS7': 0.8535117878192534, 'AttackAttr_acc': 0.8863785199738049, 'AttackCls_acc': 0.8373444662737394, 'total_acc': 0.8618614931237721}
Dev loss: {'T1_AS1': 0.22423117193965006, 'T2_AS2': 0.3581403540316268, 'T3_AS3': 0.3967410969851255, 'T4_AS4': 0.4450023939098352, 'T5_AS5': 0.39429982059716007, 'T6_AS6': 0.4961999659452423, 'T7_AS7': 0.5145003434679122, 'AttackAttr_loss': 2.8291151422915792, 'AttackCls_loss': 0.1644182189469837, 'running_loss': 2.993416568371638} - Dev accuracy: {'T1_AS1': 0.9951718494271686, 'T2_AS2': 0.9684942716857611, 'T3_AS3': 0.9544189852700491, 'T4_AS4': 0.9599018003273322, 'T5_AS5': 0.9501636661211129, 'T6_AS6': 0.946481178396072, 'T7_AS7': 0.9482815057283143, 'AttackAttr_acc': 0.9604161795651157, 'AttackCls_acc': 0.9430441898527004, 'total_acc': 0.9517301847089081}
Training completed.
