Number of batches in train loader: 3054
Number of batches in dev loader: 764
Using device: cuda
Adding modular structure for KAN
no. model params:318032412
Backbone architecture:  SSLAASIST
use_pretrained_backbone: False
freeze_backbone: False
Experiment name:  test

====> training epoch 001 / 005
Training loss: {'T1_AS1': 0.9869228283525215, 'T2_AS2': 1.5544570062429044, 'T3_AS3': 1.5539031151899263, 'T4_AS4': 2.136743925019035, 'T5_AS5': 1.4343043707833232, 'T6_AS6': 2.192860469329412, 'T7_AS7': 2.293080702785112, 'AttackAttr_loss': 12.152272417721752, 'AttackCls_loss': 2.805987221943294, 'running_loss': 14.95825962623741} - Training accuracy: {'T1_AS1': 0.5763138506876228, 'T2_AS2': 0.4808857236411264, 'T3_AS3': 0.46621234446627374, 'T4_AS4': 0.2185248853962017, 'T5_AS5': 0.36196381794368043, 'T6_AS6': 0.23639079895219384, 'T7_AS7': 0.216683038637852, 'AttackAttr_acc': 0.365282065674993, 'AttackCls_acc': 0.10181319580877538, 'total_acc': 0.23354763074188417}
Dev loss: {'T1_AS1': 0.9836104380518637, 'T2_AS2': 1.5672111185014541, 'T3_AS3': 1.54094239701616, 'T4_AS4': 2.088441469626419, 'T5_AS5': 1.463196741812748, 'T6_AS6': 2.1783967661194246, 'T7_AS7': 2.2674785230046597, 'AttackAttr_loss': 12.089277436651301, 'AttackCls_loss': 2.796406553927108, 'running_loss': 14.885603536486002} - Dev accuracy: {'T1_AS1': 0.5862520458265139, 'T2_AS2': 0.4897708674304419, 'T3_AS3': 0.4758592471358429, 'T4_AS4': 0.24099836333878888, 'T5_AS5': 0.3655482815057283, 'T6_AS6': 0.25499181669394433, 'T7_AS7': 0.23477905073649755, 'AttackAttr_acc': 0.37831423895253685, 'AttackCls_acc': 0.1104746317512275, 'total_acc': 0.24439443535188218}

====> training epoch 002 / 005
Training loss: {'T1_AS1': 0.9660401860911938, 'T2_AS2': 1.5211815669713022, 'T3_AS3': 1.5190923998343375, 'T4_AS4': 2.090785573687363, 'T5_AS5': 1.400138820864909, 'T6_AS6': 2.1505114749200844, 'T7_AS7': 2.2506706606506444, 'AttackAttr_loss': 11.898420675798578, 'AttackCls_loss': 2.7875175106033594, 'running_loss': 14.68593818468445} - Training accuracy: {'T1_AS1': 0.5863826129666012, 'T2_AS2': 0.48995170268500327, 'T3_AS3': 0.47587180746561886, 'T4_AS4': 0.2391535690897184, 'T5_AS5': 0.36562704649639816, 'T6_AS6': 0.25354043876882776, 'T7_AS7': 0.23332105435494432, 'AttackAttr_acc': 0.37769260454673026, 'AttackCls_acc': 0.10920104780615586, 'total_acc': 0.24344682617644306}
Dev loss: {'T1_AS1': 0.991282203973998, 'T2_AS2': 1.5534550897813664, 'T3_AS3': 1.5598465482458936, 'T4_AS4': 2.092695901124645, 'T5_AS5': 1.4237906985119009, 'T6_AS6': 2.1798534010904316, 'T7_AS7': 2.2622803032495775, 'AttackAttr_loss': 12.063204141919625, 'AttackCls_loss': 2.791113803195485, 'running_loss': 14.854222569790187} - Dev accuracy: {'T1_AS1': 0.5862520458265139, 'T2_AS2': 0.4897708674304419, 'T3_AS3': 0.4758592471358429, 'T4_AS4': 0.24099836333878888, 'T5_AS5': 0.3655482815057283, 'T6_AS6': 0.25499181669394433, 'T7_AS7': 0.23477905073649755, 'AttackAttr_acc': 0.37831423895253685, 'AttackCls_acc': 0.1104746317512275, 'total_acc': 0.24439443535188218}

====> training epoch 003 / 005
Training loss: {'T1_AS1': 0.9648925420226189, 'T2_AS2': 1.5191433082707348, 'T3_AS3': 1.517585464958748, 'T4_AS4': 2.086841085922039, 'T5_AS5': 1.3984373745062653, 'T6_AS6': 2.1472174163027065, 'T7_AS7': 2.2460144841756864, 'AttackAttr_loss': 11.88013167652962, 'AttackCls_loss': 2.786958970739393, 'running_loss': 14.66709065796428} - Training accuracy: {'T1_AS1': 0.5863621480026195, 'T2_AS2': 0.4899107727570399, 'T3_AS3': 0.4758308775376555, 'T4_AS4': 0.24040193189259987, 'T5_AS5': 0.3640103143418468, 'T6_AS6': 0.25460461689587427, 'T7_AS7': 0.23471267190569745, 'AttackAttr_acc': 0.37797619047619047, 'AttackCls_acc': 0.10965127701375245, 'total_acc': 0.24381373374497145}
Dev loss: {'T1_AS1': 0.970468138321722, 'T2_AS2': 1.5483184858156693, 'T3_AS3': 1.5482831444560798, 'T4_AS4': 2.089539789021893, 'T5_AS5': 1.419802972884108, 'T6_AS6': 2.153606749751564, 'T7_AS7': 2.2497063593076216, 'AttackAttr_loss': 11.979725565808884, 'AttackCls_loss': 2.7899746140949855, 'running_loss': 14.769556893104033} - Dev accuracy: {'T1_AS1': 0.5862520458265139, 'T2_AS2': 0.4897708674304419, 'T3_AS3': 0.4758592471358429, 'T4_AS4': 0.24099836333878888, 'T5_AS5': 0.3655482815057283, 'T6_AS6': 0.25499181669394433, 'T7_AS7': 0.23477905073649755, 'AttackAttr_acc': 0.37831423895253685, 'AttackCls_acc': 0.11039279869067103, 'total_acc': 0.24435351882160394}

====> training epoch 004 / 005
Training loss: {'T1_AS1': 0.9643518861088006, 'T2_AS2': 1.5173565609516002, 'T3_AS3': 1.517150343537877, 'T4_AS4': 2.084916460334513, 'T5_AS5': 1.3968572743827405, 'T6_AS6': 2.145720409425787, 'T7_AS7': 2.2444745658969443, 'AttackAttr_loss': 11.870827504990533, 'AttackCls_loss': 2.786573774063595, 'running_loss': 14.65740127101316} - Training accuracy: {'T1_AS1': 0.5863416830386379, 'T2_AS2': 0.4899312377210216, 'T3_AS3': 0.4759127373935822, 'T4_AS4': 0.2411182056319581, 'T5_AS5': 0.36898330058939094, 'T6_AS6': 0.2550139161755075, 'T7_AS7': 0.2345694171578258, 'AttackAttr_acc': 0.37883864252970345, 'AttackCls_acc': 0.10991732154551408, 'total_acc': 0.24437798203760877}
Dev loss: {'T1_AS1': 0.9781520169222219, 'T2_AS2': 1.53852406344125, 'T3_AS3': 1.5425588562523675, 'T4_AS4': 2.088182981275693, 'T5_AS5': 1.4172499744084386, 'T6_AS6': 2.163944850147453, 'T7_AS7': 2.248570511032829, 'AttackAttr_loss': 11.977183395360768, 'AttackCls_loss': 2.7890677921900773, 'running_loss': 14.766109454070087} - Dev accuracy: {'T1_AS1': 0.5862520458265139, 'T2_AS2': 0.4897708674304419, 'T3_AS3': 0.4758592471358429, 'T4_AS4': 0.24099836333878888, 'T5_AS5': 0.3655482815057283, 'T6_AS6': 0.25499181669394433, 'T7_AS7': 0.23477905073649755, 'AttackAttr_acc': 0.37831423895253685, 'AttackCls_acc': 0.11039279869067103, 'total_acc': 0.24435351882160394}

====> training epoch 005 / 005
Training loss: {'T1_AS1': 0.964114091895184, 'T2_AS2': 1.5168894615802564, 'T3_AS3': 1.5157543142285312, 'T4_AS4': 2.0842981384951225, 'T5_AS5': 1.3967831013791296, 'T6_AS6': 2.144412230961293, 'T7_AS7': 2.244378524507349, 'AttackAttr_loss': 11.86662986283218, 'AttackCls_loss': 2.786464407854636, 'running_loss': 14.653094268266718} - Training accuracy: {'T1_AS1': 0.5863007531106745, 'T2_AS2': 0.48986984282907664, 'T3_AS3': 0.47595366732154554, 'T4_AS4': 0.24103634577603145, 'T5_AS5': 0.36714145383104124, 'T6_AS6': 0.2549729862475442, 'T7_AS7': 0.2347945317616241, 'AttackAttr_acc': 0.3785813686967911, 'AttackCls_acc': 0.11034708578912901, 'total_acc': 0.24446422724296005}
Dev loss: {'T1_AS1': 0.981286072691997, 'T2_AS2': 1.544089669603763, 'T3_AS3': 1.5371735958342856, 'T4_AS4': 2.0947697013567788, 'T5_AS5': 1.4149355554346563, 'T6_AS6': 2.159963453733004, 'T7_AS7': 2.256366225272271, 'AttackAttr_loss': 11.988584481596751, 'AttackCls_loss': 2.7888446405164156, 'running_loss': 14.77729413147372} - Dev accuracy: {'T1_AS1': 0.5862520458265139, 'T2_AS2': 0.4897708674304419, 'T3_AS3': 0.4758592471358429, 'T4_AS4': 0.24099836333878888, 'T5_AS5': 0.3655482815057283, 'T6_AS6': 0.25499181669394433, 'T7_AS7': 0.23477905073649755, 'AttackAttr_acc': 0.37831423895253685, 'AttackCls_acc': 0.1104746317512275, 'total_acc': 0.24439443535188218}
Training completed.
